2015-05-13 10:27:00,383 [6] Orchard.Environment.Extensions.ExtensionManager - (null) - No suitable loader found for extension "ivNet.ShowDigs"
2015-05-13 10:27:00,542 [8] Orchard.Environment.Extensions.ExtensionManager - (null) - No suitable loader found for extension "ivNet.ShowDigs"
2015-05-13 11:01:06,636 [8] Orchard.Environment.Extensions.ExtensionManager - (null) - No suitable loader found for extension "ivNet.ShowDigs"
2015-05-13 11:01:12,824 [9] Orchard.Environment.Extensions.ExtensionManager - (null) - No suitable loader found for extension "ivNet.ShowDigs"
2015-05-13 11:01:48,369 [6] Orchard.Environment.Extensions.ExtensionManager - (null) - No suitable loader found for extension "ivNet.ShowDigs"
2015-05-13 11:10:46,246 [25] Orchard.Environment.Extensions.ExtensionManager - (null) - No suitable loader found for extension "ivNet.ShowDigs"
2015-05-13 11:20:51,275 [7] Orchard.Environment.Extensions.ExtensionManager - (null) - No suitable loader found for extension "ivNet.ShowDigs"
2015-05-13 14:38:20,455 [8] Orchard.Environment.Extensions.ExtensionManager - (null) - No suitable loader found for extension "ivNet.ShowDigs"
2015-05-13 14:41:51,145 [15] Orchard.WebApi.Filters.UnhandledApiExceptionFilter - Default - Unexpected API exception
System.Threading.Tasks.TaskCanceledException: A task was canceled.
   at System.Runtime.CompilerServices.TaskAwaiter.ThrowForNonSuccess(Task task)
   at System.Runtime.CompilerServices.TaskAwaiter.HandleNonSuccessAndDebuggerNotification(Task task)
   at System.Runtime.CompilerServices.TaskAwaiter`1.GetResult()
   at System.Web.Http.Controllers.ApiControllerActionInvoker.<InvokeActionAsyncCore>d__0.MoveNext()
--- End of stack trace from previous location where exception was thrown ---
   at System.Runtime.ExceptionServices.ExceptionDispatchInfo.Throw()
   at System.Runtime.CompilerServices.TaskAwaiter.ThrowForNonSuccess(Task task)
   at System.Runtime.CompilerServices.TaskAwaiter.HandleNonSuccessAndDebuggerNotification(Task task)
   at System.Runtime.CompilerServices.TaskAwaiter`1.GetResult()
   at Orchard.WebApi.Filters.OrchardApiActionFilterDispatcher.<ExecuteActionFilterAsync>d__6.MoveNext() in e:\Orchard\www.showdigs.co.uk.v.1.8.1\src\Orchard\WebApi\Filters\OrchardApiActionFilterDispatcher.cs:line 20
--- End of stack trace from previous location where exception was thrown ---
   at System.Runtime.ExceptionServices.ExceptionDispatchInfo.Throw()
   at System.Runtime.CompilerServices.TaskAwaiter.ThrowForNonSuccess(Task task)
   at System.Runtime.CompilerServices.TaskAwaiter.HandleNonSuccessAndDebuggerNotification(Task task)
   at System.Runtime.CompilerServices.TaskAwaiter`1.GetResult()
   at System.Web.Http.Controllers.ActionFilterResult.<ExecuteAsync>d__2.MoveNext()
--- End of stack trace from previous location where exception was thrown ---
   at System.Runtime.ExceptionServices.ExceptionDispatchInfo.Throw()
   at System.Runtime.CompilerServices.TaskAwaiter.ThrowForNonSuccess(Task task)
   at System.Runtime.CompilerServices.TaskAwaiter.HandleNonSuccessAndDebuggerNotification(Task task)
   at System.Runtime.CompilerServices.TaskAwaiter`1.GetResult()
   at System.Web.Http.Controllers.ExceptionFilterResult.<ExecuteAsync>d__0.MoveNext()
2015-05-13 14:57:18,243 [7] Orchard.Environment.Extensions.ExtensionManager - (null) - No suitable loader found for extension "ivNet.ShowDigs"
2015-05-13 15:13:45,685 [7] Orchard.Environment.Extensions.ExtensionManager - (null) - No suitable loader found for extension "ivNet.ShowDigs"
2015-05-13 15:22:52,913 [7] Orchard.Environment.Extensions.ExtensionManager - (null) - No suitable loader found for extension "ivNet.ShowDigs"
2015-05-13 15:24:00,136 [9] NHibernate.Tool.hbm2ddl.SchemaUpdate - (null) - Unsuccessful: alter table ivNetListingDetail add WebsiteUrl NVARCHAR(255)
System.Data.SqlServerCe.SqlCeException (0x80004005): A column ID occurred more than once in the specification.
   at System.Data.SqlServerCe.SqlCeCommand.ProcessResults(Int32 hr)
   at System.Data.SqlServerCe.SqlCeCommand.ExecuteCommandText(IntPtr& pCursor, Boolean& isBaseTableCursor)
   at System.Data.SqlServerCe.SqlCeCommand.ExecuteCommand(CommandBehavior behavior, String method, ResultSetOptions options)
   at System.Data.SqlServerCe.SqlCeCommand.ExecuteNonQuery()
   at NHibernate.Tool.hbm2ddl.SchemaUpdate.Execute(Action`1 scriptAction, Boolean doUpdate) in c:\Users\sebros\Documents\My Projects\nhibernate-core\src\NHibernate\Tool\hbm2ddl\SchemaUpdate.cs:line 190
2015-05-13 15:24:00,356 [13] NHibernate.Tool.hbm2ddl.SchemaUpdate - (null) - Unsuccessful: alter table ivNetListingDetail add WebsiteUrl NVARCHAR(255)
System.Data.SqlServerCe.SqlCeException (0x80004005): A column ID occurred more than once in the specification.
   at System.Data.SqlServerCe.SqlCeCommand.ProcessResults(Int32 hr)
   at System.Data.SqlServerCe.SqlCeCommand.ExecuteCommandText(IntPtr& pCursor, Boolean& isBaseTableCursor)
   at System.Data.SqlServerCe.SqlCeCommand.ExecuteCommand(CommandBehavior behavior, String method, ResultSetOptions options)
   at System.Data.SqlServerCe.SqlCeCommand.ExecuteNonQuery()
   at NHibernate.Tool.hbm2ddl.SchemaUpdate.Execute(Action`1 scriptAction, Boolean doUpdate) in c:\Users\sebros\Documents\My Projects\nhibernate-core\src\NHibernate\Tool\hbm2ddl\SchemaUpdate.cs:line 190
2015-05-13 15:42:54,658 [7] Orchard.Environment.Extensions.ExtensionManager - (null) - No suitable loader found for extension "ivNet.ShowDigs"
2015-05-13 15:44:57,370 [7] Orchard.Environment.Extensions.ExtensionManager - (null) - No suitable loader found for extension "ivNet.ShowDigs"
2015-05-13 15:45:38,355 [8] NHibernate.Tool.hbm2ddl.SchemaUpdate - (null) - Unsuccessful: create table ivNetAddressDetail (AddressDetailID INT IDENTITY NOT NULL, AddressDetailKey NVARCHAR(120) not null, Address1 NVARCHAR(100) not null, Address2 NVARCHAR(100) null, Postcode NVARCHAR(12) not null, Town NVARCHAR(50) not null, IsActive TINYINT null, CreatedBy NVARCHAR(50) not null, CreateDate DATETIME not null, ModifiedBy NVARCHAR(50) not null, ModifiedDate DATETIME not null, primary key (AddressDetailID),unique (AddressDetailKey))
System.Data.SqlServerCe.SqlCeException (0x80004005): The specified table already exists. [ ivNetAddressDetail ]
   at System.Data.SqlServerCe.SqlCeCommand.ProcessResults(Int32 hr)
   at System.Data.SqlServerCe.SqlCeCommand.ExecuteCommandText(IntPtr& pCursor, Boolean& isBaseTableCursor)
   at System.Data.SqlServerCe.SqlCeCommand.ExecuteCommand(CommandBehavior behavior, String method, ResultSetOptions options)
   at System.Data.SqlServerCe.SqlCeCommand.ExecuteNonQuery()
   at NHibernate.Tool.hbm2ddl.SchemaUpdate.Execute(Action`1 scriptAction, Boolean doUpdate) in c:\Users\sebros\Documents\My Projects\nhibernate-core\src\NHibernate\Tool\hbm2ddl\SchemaUpdate.cs:line 190
2015-05-13 15:45:38,422 [8] NHibernate.Tool.hbm2ddl.SchemaUpdate - (null) - Unsuccessful: create table ivNetCategory (CategoryID INT IDENTITY NOT NULL, Name NVARCHAR(50) not null, IsActive TINYINT null, CreatedBy NVARCHAR(50) not null, CreateDate DATETIME not null, ModifiedBy NVARCHAR(50) not null, ModifiedDate DATETIME not null, primary key (CategoryID))
System.Data.SqlServerCe.SqlCeException (0x80004005): The specified table already exists. [ ivNetCategory ]
   at System.Data.SqlServerCe.SqlCeCommand.ProcessResults(Int32 hr)
   at System.Data.SqlServerCe.SqlCeCommand.ExecuteCommandText(IntPtr& pCursor, Boolean& isBaseTableCursor)
   at System.Data.SqlServerCe.SqlCeCommand.ExecuteCommand(CommandBehavior behavior, String method, ResultSetOptions options)
   at System.Data.SqlServerCe.SqlCeCommand.ExecuteNonQuery()
   at NHibernate.Tool.hbm2ddl.SchemaUpdate.Execute(Action`1 scriptAction, Boolean doUpdate) in c:\Users\sebros\Documents\My Projects\nhibernate-core\src\NHibernate\Tool\hbm2ddl\SchemaUpdate.cs:line 190
2015-05-13 15:45:38,479 [8] NHibernate.Tool.hbm2ddl.SchemaUpdate - (null) - Unsuccessful: create table ivNetContactDetail (ContactDetailID INT IDENTITY NOT NULL, ContactDetailKey NVARCHAR(120) not null, Email NVARCHAR(50) not null, Phone NVARCHAR(50) not null, Website NVARCHAR(255) null, IsActive TINYINT null, CreatedBy NVARCHAR(50) not null, CreateDate DATETIME not null, ModifiedBy NVARCHAR(50) not null, ModifiedDate DATETIME not null, primary key (ContactDetailID),unique (ContactDetailKey))
System.Data.SqlServerCe.SqlCeException (0x80004005): The specified table already exists. [ ivNetContactDetail ]
   at System.Data.SqlServerCe.SqlCeCommand.ProcessResults(Int32 hr)
   at System.Data.SqlServerCe.SqlCeCommand.ExecuteCommandText(IntPtr& pCursor, Boolean& isBaseTableCursor)
   at System.Data.SqlServerCe.SqlCeCommand.ExecuteCommand(CommandBehavior behavior, String method, ResultSetOptions options)
   at System.Data.SqlServerCe.SqlCeCommand.ExecuteNonQuery()
   at NHibernate.Tool.hbm2ddl.SchemaUpdate.Execute(Action`1 scriptAction, Boolean doUpdate) in c:\Users\sebros\Documents\My Projects\nhibernate-core\src\NHibernate\Tool\hbm2ddl\SchemaUpdate.cs:line 190
2015-05-13 15:45:38,574 [9] NHibernate.Tool.hbm2ddl.SchemaUpdate - (null) - Unsuccessful: create table ivNetAddressDetail (AddressDetailID INT IDENTITY NOT NULL, AddressDetailKey NVARCHAR(120) not null, Address1 NVARCHAR(100) not null, Address2 NVARCHAR(100) null, Postcode NVARCHAR(12) not null, Town NVARCHAR(50) not null, IsActive TINYINT null, CreatedBy NVARCHAR(50) not null, CreateDate DATETIME not null, ModifiedBy NVARCHAR(50) not null, ModifiedDate DATETIME not null, primary key (AddressDetailID),unique (AddressDetailKey))
System.Data.SqlServerCe.SqlCeException (0x80004005): The specified table already exists. [ ivNetAddressDetail ]
   at System.Data.SqlServerCe.SqlCeCommand.ProcessResults(Int32 hr)
   at System.Data.SqlServerCe.SqlCeCommand.ExecuteCommandText(IntPtr& pCursor, Boolean& isBaseTableCursor)
   at System.Data.SqlServerCe.SqlCeCommand.ExecuteCommand(CommandBehavior behavior, String method, ResultSetOptions options)
   at System.Data.SqlServerCe.SqlCeCommand.ExecuteNonQuery()
   at NHibernate.Tool.hbm2ddl.SchemaUpdate.Execute(Action`1 scriptAction, Boolean doUpdate) in c:\Users\sebros\Documents\My Projects\nhibernate-core\src\NHibernate\Tool\hbm2ddl\SchemaUpdate.cs:line 190
2015-05-13 15:45:38,585 [8] NHibernate.Tool.hbm2ddl.SchemaUpdate - (null) - Unsuccessful: create table ivNetImage (ImageID INT IDENTITY NOT NULL, Alt NVARCHAR(50) not null, ThumbUrl NVARCHAR(255) not null, LargeUrl NVARCHAR(255) not null, DisplayOrder INT not null, IsActive TINYINT null, CreatedBy NVARCHAR(50) not null, CreateDate DATETIME not null, ModifiedBy NVARCHAR(50) not null, ModifiedDate DATETIME not null, ListingDetailID INT null, primary key (ImageID))
System.Data.SqlServerCe.SqlCeException (0x80004005): The specified table already exists. [ ivNetImage ]
   at System.Data.SqlServerCe.SqlCeCommand.ProcessResults(Int32 hr)
   at System.Data.SqlServerCe.SqlCeCommand.ExecuteCommandText(IntPtr& pCursor, Boolean& isBaseTableCursor)
   at System.Data.SqlServerCe.SqlCeCommand.ExecuteCommand(CommandBehavior behavior, String method, ResultSetOptions options)
   at System.Data.SqlServerCe.SqlCeCommand.ExecuteNonQuery()
   at NHibernate.Tool.hbm2ddl.SchemaUpdate.Execute(Action`1 scriptAction, Boolean doUpdate) in c:\Users\sebros\Documents\My Projects\nhibernate-core\src\NHibernate\Tool\hbm2ddl\SchemaUpdate.cs:line 190
2015-05-13 15:45:38,666 [9] NHibernate.Tool.hbm2ddl.SchemaUpdate - (null) - Unsuccessful: create table ivNetCategory (CategoryID INT IDENTITY NOT NULL, Name NVARCHAR(50) not null, IsActive TINYINT null, CreatedBy NVARCHAR(50) not null, CreateDate DATETIME not null, ModifiedBy NVARCHAR(50) not null, ModifiedDate DATETIME not null, primary key (CategoryID))
System.Data.SqlServerCe.SqlCeException (0x80004005): The specified table already exists. [ ivNetCategory ]
   at System.Data.SqlServerCe.SqlCeCommand.ProcessResults(Int32 hr)
   at System.Data.SqlServerCe.SqlCeCommand.ExecuteCommandText(IntPtr& pCursor, Boolean& isBaseTableCursor)
   at System.Data.SqlServerCe.SqlCeCommand.ExecuteCommand(CommandBehavior behavior, String method, ResultSetOptions options)
   at System.Data.SqlServerCe.SqlCeCommand.ExecuteNonQuery()
   at NHibernate.Tool.hbm2ddl.SchemaUpdate.Execute(Action`1 scriptAction, Boolean doUpdate) in c:\Users\sebros\Documents\My Projects\nhibernate-core\src\NHibernate\Tool\hbm2ddl\SchemaUpdate.cs:line 190
2015-05-13 15:45:38,666 [8] NHibernate.Tool.hbm2ddl.SchemaUpdate - (null) - Unsuccessful: create table ivNetListingDetail (ListingDetailID INT IDENTITY NOT NULL, ListingKey NVARCHAR(50) not null, Description NTEXT null, WebsiteUrl NVARCHAR(255) null, ExpiraryDate DATETIME not null, IsPriority TINYINT null, IsActive TINYINT null, CreatedBy NVARCHAR(50) not null, CreateDate DATETIME not null, ModifiedBy NVARCHAR(50) not null, ModifiedDate DATETIME not null, AddressDetailID INT null, LocationID INT null, CategoryID INT null, PaymentPackageID INT null, OwnerID INT null, primary key (ListingDetailID))
System.Data.SqlServerCe.SqlCeException (0x80004005): The specified table already exists. [ ivNetListingDetail ]
   at System.Data.SqlServerCe.SqlCeCommand.ProcessResults(Int32 hr)
   at System.Data.SqlServerCe.SqlCeCommand.ExecuteCommandText(IntPtr& pCursor, Boolean& isBaseTableCursor)
   at System.Data.SqlServerCe.SqlCeCommand.ExecuteCommand(CommandBehavior behavior, String method, ResultSetOptions options)
   at System.Data.SqlServerCe.SqlCeCommand.ExecuteNonQuery()
   at NHibernate.Tool.hbm2ddl.SchemaUpdate.Execute(Action`1 scriptAction, Boolean doUpdate) in c:\Users\sebros\Documents\My Projects\nhibernate-core\src\NHibernate\Tool\hbm2ddl\SchemaUpdate.cs:line 190
2015-05-13 15:45:38,717 [9] NHibernate.Tool.hbm2ddl.SchemaUpdate - (null) - Unsuccessful: create table ivNetContactDetail (ContactDetailID INT IDENTITY NOT NULL, ContactDetailKey NVARCHAR(120) not null, Email NVARCHAR(50) not null, Phone NVARCHAR(50) not null, Website NVARCHAR(255) null, IsActive TINYINT null, CreatedBy NVARCHAR(50) not null, CreateDate DATETIME not null, ModifiedBy NVARCHAR(50) not null, ModifiedDate DATETIME not null, primary key (ContactDetailID),unique (ContactDetailKey))
System.Data.SqlServerCe.SqlCeException (0x80004005): The specified table already exists. [ ivNetContactDetail ]
   at System.Data.SqlServerCe.SqlCeCommand.ProcessResults(Int32 hr)
   at System.Data.SqlServerCe.SqlCeCommand.ExecuteCommandText(IntPtr& pCursor, Boolean& isBaseTableCursor)
   at System.Data.SqlServerCe.SqlCeCommand.ExecuteCommand(CommandBehavior behavior, String method, ResultSetOptions options)
   at System.Data.SqlServerCe.SqlCeCommand.ExecuteNonQuery()
   at NHibernate.Tool.hbm2ddl.SchemaUpdate.Execute(Action`1 scriptAction, Boolean doUpdate) in c:\Users\sebros\Documents\My Projects\nhibernate-core\src\NHibernate\Tool\hbm2ddl\SchemaUpdate.cs:line 190
2015-05-13 15:45:38,737 [8] NHibernate.Tool.hbm2ddl.SchemaUpdate - (null) - Unsuccessful: create table ivNetLocation (LocationID INT IDENTITY NOT NULL, Postcode NVARCHAR(12) not null, Longitude NUMERIC(19,5) null, Latitude NUMERIC(19,5) null, IsActive TINYINT null, CreatedBy NVARCHAR(50) not null, CreateDate DATETIME not null, ModifiedBy NVARCHAR(50) not null, ModifiedDate DATETIME not null, primary key (LocationID))
System.Data.SqlServerCe.SqlCeException (0x80004005): The specified table already exists. [ ivNetLocation ]
   at System.Data.SqlServerCe.SqlCeCommand.ProcessResults(Int32 hr)
   at System.Data.SqlServerCe.SqlCeCommand.ExecuteCommandText(IntPtr& pCursor, Boolean& isBaseTableCursor)
   at System.Data.SqlServerCe.SqlCeCommand.ExecuteCommand(CommandBehavior behavior, String method, ResultSetOptions options)
   at System.Data.SqlServerCe.SqlCeCommand.ExecuteNonQuery()
   at NHibernate.Tool.hbm2ddl.SchemaUpdate.Execute(Action`1 scriptAction, Boolean doUpdate) in c:\Users\sebros\Documents\My Projects\nhibernate-core\src\NHibernate\Tool\hbm2ddl\SchemaUpdate.cs:line 190
2015-05-13 15:45:38,772 [9] NHibernate.Tool.hbm2ddl.SchemaUpdate - (null) - Unsuccessful: create table ivNetImage (ImageID INT IDENTITY NOT NULL, Alt NVARCHAR(50) not null, ThumbUrl NVARCHAR(255) not null, LargeUrl NVARCHAR(255) not null, DisplayOrder INT not null, IsActive TINYINT null, CreatedBy NVARCHAR(50) not null, CreateDate DATETIME not null, ModifiedBy NVARCHAR(50) not null, ModifiedDate DATETIME not null, ListingDetailID INT null, primary key (ImageID))
System.Data.SqlServerCe.SqlCeException (0x80004005): The specified table already exists. [ ivNetImage ]
   at System.Data.SqlServerCe.SqlCeCommand.ProcessResults(Int32 hr)
   at System.Data.SqlServerCe.SqlCeCommand.ExecuteCommandText(IntPtr& pCursor, Boolean& isBaseTableCursor)
   at System.Data.SqlServerCe.SqlCeCommand.ExecuteCommand(CommandBehavior behavior, String method, ResultSetOptions options)
   at System.Data.SqlServerCe.SqlCeCommand.ExecuteNonQuery()
   at NHibernate.Tool.hbm2ddl.SchemaUpdate.Execute(Action`1 scriptAction, Boolean doUpdate) in c:\Users\sebros\Documents\My Projects\nhibernate-core\src\NHibernate\Tool\hbm2ddl\SchemaUpdate.cs:line 190
2015-05-13 15:45:38,805 [8] NHibernate.Tool.hbm2ddl.SchemaUpdate - (null) - Unsuccessful: create table ivNetOwner (OwnerID INT IDENTITY NOT NULL, OwnerKey NVARCHAR(120) not null, UserId INT null, Surname NVARCHAR(50) not null, Firstname NVARCHAR(50) not null, IsVetted TINYINT null, IsActive TINYINT null, CreatedBy NVARCHAR(50) not null, CreateDate DATETIME not null, ModifiedBy NVARCHAR(50) not null, ModifiedDate DATETIME not null, AddressDetailID INT null, ContactDetailID INT null, primary key (OwnerID),unique (OwnerKey))
System.Data.SqlServerCe.SqlCeException (0x80004005): The specified table already exists. [ ivNetOwner ]
   at System.Data.SqlServerCe.SqlCeCommand.ProcessResults(Int32 hr)
   at System.Data.SqlServerCe.SqlCeCommand.ExecuteCommandText(IntPtr& pCursor, Boolean& isBaseTableCursor)
   at System.Data.SqlServerCe.SqlCeCommand.ExecuteCommand(CommandBehavior behavior, String method, ResultSetOptions options)
   at System.Data.SqlServerCe.SqlCeCommand.ExecuteNonQuery()
   at NHibernate.Tool.hbm2ddl.SchemaUpdate.Execute(Action`1 scriptAction, Boolean doUpdate) in c:\Users\sebros\Documents\My Projects\nhibernate-core\src\NHibernate\Tool\hbm2ddl\SchemaUpdate.cs:line 190
2015-05-13 15:45:38,833 [9] NHibernate.Tool.hbm2ddl.SchemaUpdate - (null) - Unsuccessful: create table ivNetListingDetail (ListingDetailID INT IDENTITY NOT NULL, ListingKey NVARCHAR(50) not null, Description NTEXT null, WebsiteUrl NVARCHAR(255) null, ExpiraryDate DATETIME not null, IsPriority TINYINT null, IsActive TINYINT null, CreatedBy NVARCHAR(50) not null, CreateDate DATETIME not null, ModifiedBy NVARCHAR(50) not null, ModifiedDate DATETIME not null, AddressDetailID INT null, LocationID INT null, CategoryID INT null, PaymentPackageID INT null, OwnerID INT null, primary key (ListingDetailID))
System.Data.SqlServerCe.SqlCeException (0x80004005): The specified table already exists. [ ivNetListingDetail ]
   at System.Data.SqlServerCe.SqlCeCommand.ProcessResults(Int32 hr)
   at System.Data.SqlServerCe.SqlCeCommand.ExecuteCommandText(IntPtr& pCursor, Boolean& isBaseTableCursor)
   at System.Data.SqlServerCe.SqlCeCommand.ExecuteCommand(CommandBehavior behavior, String method, ResultSetOptions options)
   at System.Data.SqlServerCe.SqlCeCommand.ExecuteNonQuery()
   at NHibernate.Tool.hbm2ddl.SchemaUpdate.Execute(Action`1 scriptAction, Boolean doUpdate) in c:\Users\sebros\Documents\My Projects\nhibernate-core\src\NHibernate\Tool\hbm2ddl\SchemaUpdate.cs:line 190
2015-05-13 15:45:38,862 [8] NHibernate.Tool.hbm2ddl.SchemaUpdate - (null) - Unsuccessful: create table ivNetPaymentPackage (PaymentPackageID INT IDENTITY NOT NULL, Name NVARCHAR(50) not null, Cost NUMERIC(19,5) not null, PhotoCount INT not null, ShowWebsiteLink TINYINT null, AllowRichText TINYINT null, IsPriorityListing TINYINT null, IsActive TINYINT null, CreatedBy NVARCHAR(50) not null, CreateDate DATETIME not null, ModifiedBy NVARCHAR(50) not null, ModifiedDate DATETIME not null, primary key (PaymentPackageID))
System.Data.SqlServerCe.SqlCeException (0x80004005): The specified table already exists. [ ivNetPaymentPackage ]
   at System.Data.SqlServerCe.SqlCeCommand.ProcessResults(Int32 hr)
   at System.Data.SqlServerCe.SqlCeCommand.ExecuteCommandText(IntPtr& pCursor, Boolean& isBaseTableCursor)
   at System.Data.SqlServerCe.SqlCeCommand.ExecuteCommand(CommandBehavior behavior, String method, ResultSetOptions options)
   at System.Data.SqlServerCe.SqlCeCommand.ExecuteNonQuery()
   at NHibernate.Tool.hbm2ddl.SchemaUpdate.Execute(Action`1 scriptAction, Boolean doUpdate) in c:\Users\sebros\Documents\My Projects\nhibernate-core\src\NHibernate\Tool\hbm2ddl\SchemaUpdate.cs:line 190
2015-05-13 15:45:38,896 [9] NHibernate.Tool.hbm2ddl.SchemaUpdate - (null) - Unsuccessful: create table ivNetLocation (LocationID INT IDENTITY NOT NULL, Postcode NVARCHAR(12) not null, Longitude NUMERIC(19,5) null, Latitude NUMERIC(19,5) null, IsActive TINYINT null, CreatedBy NVARCHAR(50) not null, CreateDate DATETIME not null, ModifiedBy NVARCHAR(50) not null, ModifiedDate DATETIME not null, primary key (LocationID))
System.Data.SqlServerCe.SqlCeException (0x80004005): The specified table already exists. [ ivNetLocation ]
   at System.Data.SqlServerCe.SqlCeCommand.ProcessResults(Int32 hr)
   at System.Data.SqlServerCe.SqlCeCommand.ExecuteCommandText(IntPtr& pCursor, Boolean& isBaseTableCursor)
   at System.Data.SqlServerCe.SqlCeCommand.ExecuteCommand(CommandBehavior behavior, String method, ResultSetOptions options)
   at System.Data.SqlServerCe.SqlCeCommand.ExecuteNonQuery()
   at NHibernate.Tool.hbm2ddl.SchemaUpdate.Execute(Action`1 scriptAction, Boolean doUpdate) in c:\Users\sebros\Documents\My Projects\nhibernate-core\src\NHibernate\Tool\hbm2ddl\SchemaUpdate.cs:line 190
2015-05-13 15:45:38,929 [8] NHibernate.Tool.hbm2ddl.SchemaUpdate - (null) - Unsuccessful: create table ivNetRoom (RoomID INT IDENTITY NOT NULL, Type NVARCHAR(50) not null, Description NVARCHAR(2000) not null, IsActive TINYINT null, CreatedBy NVARCHAR(50) not null, CreateDate DATETIME not null, ModifiedBy NVARCHAR(50) not null, ModifiedDate DATETIME not null, ListingDetailID INT null, primary key (RoomID))
System.Data.SqlServerCe.SqlCeException (0x80004005): The specified table already exists. [ ivNetRoom ]
   at System.Data.SqlServerCe.SqlCeCommand.ProcessResults(Int32 hr)
   at System.Data.SqlServerCe.SqlCeCommand.ExecuteCommandText(IntPtr& pCursor, Boolean& isBaseTableCursor)
   at System.Data.SqlServerCe.SqlCeCommand.ExecuteCommand(CommandBehavior behavior, String method, ResultSetOptions options)
   at System.Data.SqlServerCe.SqlCeCommand.ExecuteNonQuery()
   at NHibernate.Tool.hbm2ddl.SchemaUpdate.Execute(Action`1 scriptAction, Boolean doUpdate) in c:\Users\sebros\Documents\My Projects\nhibernate-core\src\NHibernate\Tool\hbm2ddl\SchemaUpdate.cs:line 190
2015-05-13 15:45:38,967 [9] NHibernate.Tool.hbm2ddl.SchemaUpdate - (null) - Unsuccessful: create table ivNetOwner (OwnerID INT IDENTITY NOT NULL, OwnerKey NVARCHAR(120) not null, UserId INT null, Surname NVARCHAR(50) not null, Firstname NVARCHAR(50) not null, IsVetted TINYINT null, IsActive TINYINT null, CreatedBy NVARCHAR(50) not null, CreateDate DATETIME not null, ModifiedBy NVARCHAR(50) not null, ModifiedDate DATETIME not null, AddressDetailID INT null, ContactDetailID INT null, primary key (OwnerID),unique (OwnerKey))
System.Data.SqlServerCe.SqlCeException (0x80004005): The specified table already exists. [ ivNetOwner ]
   at System.Data.SqlServerCe.SqlCeCommand.ProcessResults(Int32 hr)
   at System.Data.SqlServerCe.SqlCeCommand.ExecuteCommandText(IntPtr& pCursor, Boolean& isBaseTableCursor)
   at System.Data.SqlServerCe.SqlCeCommand.ExecuteCommand(CommandBehavior behavior, String method, ResultSetOptions options)
   at System.Data.SqlServerCe.SqlCeCommand.ExecuteNonQuery()
   at NHibernate.Tool.hbm2ddl.SchemaUpdate.Execute(Action`1 scriptAction, Boolean doUpdate) in c:\Users\sebros\Documents\My Projects\nhibernate-core\src\NHibernate\Tool\hbm2ddl\SchemaUpdate.cs:line 190
2015-05-13 15:45:39,244 [9] NHibernate.Tool.hbm2ddl.SchemaUpdate - (null) - Unsuccessful: create table ivNetPaymentPackage (PaymentPackageID INT IDENTITY NOT NULL, Name NVARCHAR(50) not null, Cost NUMERIC(19,5) not null, PhotoCount INT not null, ShowWebsiteLink TINYINT null, AllowRichText TINYINT null, IsPriorityListing TINYINT null, IsActive TINYINT null, CreatedBy NVARCHAR(50) not null, CreateDate DATETIME not null, ModifiedBy NVARCHAR(50) not null, ModifiedDate DATETIME not null, primary key (PaymentPackageID))
System.Data.SqlServerCe.SqlCeException (0x80004005): The specified table already exists. [ ivNetPaymentPackage ]
   at System.Data.SqlServerCe.SqlCeCommand.ProcessResults(Int32 hr)
   at System.Data.SqlServerCe.SqlCeCommand.ExecuteCommandText(IntPtr& pCursor, Boolean& isBaseTableCursor)
   at System.Data.SqlServerCe.SqlCeCommand.ExecuteCommand(CommandBehavior behavior, String method, ResultSetOptions options)
   at System.Data.SqlServerCe.SqlCeCommand.ExecuteNonQuery()
   at NHibernate.Tool.hbm2ddl.SchemaUpdate.Execute(Action`1 scriptAction, Boolean doUpdate) in c:\Users\sebros\Documents\My Projects\nhibernate-core\src\NHibernate\Tool\hbm2ddl\SchemaUpdate.cs:line 190
2015-05-13 15:45:39,282 [9] NHibernate.Tool.hbm2ddl.SchemaUpdate - (null) - Unsuccessful: create table ivNetRoom (RoomID INT IDENTITY NOT NULL, Type NVARCHAR(50) not null, Description NVARCHAR(2000) not null, IsActive TINYINT null, CreatedBy NVARCHAR(50) not null, CreateDate DATETIME not null, ModifiedBy NVARCHAR(50) not null, ModifiedDate DATETIME not null, ListingDetailID INT null, primary key (RoomID))
System.Data.SqlServerCe.SqlCeException (0x80004005): The specified table already exists. [ ivNetRoom ]
   at System.Data.SqlServerCe.SqlCeCommand.ProcessResults(Int32 hr)
   at System.Data.SqlServerCe.SqlCeCommand.ExecuteCommandText(IntPtr& pCursor, Boolean& isBaseTableCursor)
   at System.Data.SqlServerCe.SqlCeCommand.ExecuteCommand(CommandBehavior behavior, String method, ResultSetOptions options)
   at System.Data.SqlServerCe.SqlCeCommand.ExecuteNonQuery()
   at NHibernate.Tool.hbm2ddl.SchemaUpdate.Execute(Action`1 scriptAction, Boolean doUpdate) in c:\Users\sebros\Documents\My Projects\nhibernate-core\src\NHibernate\Tool\hbm2ddl\SchemaUpdate.cs:line 190
2015-05-13 15:45:39,318 [9] NHibernate.Tool.hbm2ddl.SchemaUpdate - (null) - Unsuccessful: create table ivNetRoomType (RoomTypeID INT IDENTITY NOT NULL, Name NVARCHAR(50) not null, IsActive TINYINT null, CreatedBy NVARCHAR(50) not null, CreateDate DATETIME not null, ModifiedBy NVARCHAR(50) not null, ModifiedDate DATETIME not null, primary key (RoomTypeID))
System.Data.SqlServerCe.SqlCeException (0x80004005): The specified table already exists. [ ivNetRoomType ]
   at System.Data.SqlServerCe.SqlCeCommand.ProcessResults(Int32 hr)
   at System.Data.SqlServerCe.SqlCeCommand.ExecuteCommandText(IntPtr& pCursor, Boolean& isBaseTableCursor)
   at System.Data.SqlServerCe.SqlCeCommand.ExecuteCommand(CommandBehavior behavior, String method, ResultSetOptions options)
   at System.Data.SqlServerCe.SqlCeCommand.ExecuteNonQuery()
   at NHibernate.Tool.hbm2ddl.SchemaUpdate.Execute(Action`1 scriptAction, Boolean doUpdate) in c:\Users\sebros\Documents\My Projects\nhibernate-core\src\NHibernate\Tool\hbm2ddl\SchemaUpdate.cs:line 190
2015-05-13 15:45:39,360 [9] NHibernate.Tool.hbm2ddl.SchemaUpdate - (null) - Unsuccessful: create table ivNetTag (TagID INT IDENTITY NOT NULL, Name NVARCHAR(50) not null, IsActive TINYINT null, CreatedBy NVARCHAR(50) not null, CreateDate DATETIME not null, ModifiedBy NVARCHAR(50) not null, ModifiedDate DATETIME not null, ListingDetailID INT null, primary key (TagID))
System.Data.SqlServerCe.SqlCeException (0x80004005): The specified table already exists. [ ivNetTag ]
   at System.Data.SqlServerCe.SqlCeCommand.ProcessResults(Int32 hr)
   at System.Data.SqlServerCe.SqlCeCommand.ExecuteCommandText(IntPtr& pCursor, Boolean& isBaseTableCursor)
   at System.Data.SqlServerCe.SqlCeCommand.ExecuteCommand(CommandBehavior behavior, String method, ResultSetOptions options)
   at System.Data.SqlServerCe.SqlCeCommand.ExecuteNonQuery()
   at NHibernate.Tool.hbm2ddl.SchemaUpdate.Execute(Action`1 scriptAction, Boolean doUpdate) in c:\Users\sebros\Documents\My Projects\nhibernate-core\src\NHibernate\Tool\hbm2ddl\SchemaUpdate.cs:line 190
2015-05-13 15:50:58,783 [7] Orchard.Environment.Extensions.ExtensionManager - (null) - No suitable loader found for extension "ivNet.ShowDigs"
2015-05-13 15:53:26,145 [5] NHibernate.Tool.hbm2ddl.SchemaUpdate - (null) - Unsuccessful: create table ivNetAddressDetail (AddressDetailID INT IDENTITY NOT NULL, AddressDetailKey NVARCHAR(120) not null, Address1 NVARCHAR(100) not null, Address2 NVARCHAR(100) null, Postcode NVARCHAR(12) not null, Town NVARCHAR(50) not null, IsActive TINYINT null, CreatedBy NVARCHAR(50) not null, CreateDate DATETIME not null, ModifiedBy NVARCHAR(50) not null, ModifiedDate DATETIME not null, primary key (AddressDetailID),unique (AddressDetailKey))
System.Data.SqlServerCe.SqlCeException (0x80004005): The specified table already exists. [ ivNetAddressDetail ]
   at System.Data.SqlServerCe.SqlCeCommand.ProcessResults(Int32 hr)
   at System.Data.SqlServerCe.SqlCeCommand.ExecuteCommandText(IntPtr& pCursor, Boolean& isBaseTableCursor)
   at System.Data.SqlServerCe.SqlCeCommand.ExecuteCommand(CommandBehavior behavior, String method, ResultSetOptions options)
   at System.Data.SqlServerCe.SqlCeCommand.ExecuteNonQuery()
   at NHibernate.Tool.hbm2ddl.SchemaUpdate.Execute(Action`1 scriptAction, Boolean doUpdate) in c:\Users\sebros\Documents\My Projects\nhibernate-core\src\NHibernate\Tool\hbm2ddl\SchemaUpdate.cs:line 190
2015-05-13 15:53:26,296 [14] NHibernate.Tool.hbm2ddl.SchemaUpdate - (null) - Unsuccessful: create table ivNetAddressDetail (AddressDetailID INT IDENTITY NOT NULL, AddressDetailKey NVARCHAR(120) not null, Address1 NVARCHAR(100) not null, Address2 NVARCHAR(100) null, Postcode NVARCHAR(12) not null, Town NVARCHAR(50) not null, IsActive TINYINT null, CreatedBy NVARCHAR(50) not null, CreateDate DATETIME not null, ModifiedBy NVARCHAR(50) not null, ModifiedDate DATETIME not null, primary key (AddressDetailID),unique (AddressDetailKey))
System.Data.SqlServerCe.SqlCeException (0x80004005): The specified table already exists. [ ivNetAddressDetail ]
   at System.Data.SqlServerCe.SqlCeCommand.ProcessResults(Int32 hr)
   at System.Data.SqlServerCe.SqlCeCommand.ExecuteCommandText(IntPtr& pCursor, Boolean& isBaseTableCursor)
   at System.Data.SqlServerCe.SqlCeCommand.ExecuteCommand(CommandBehavior behavior, String method, ResultSetOptions options)
   at System.Data.SqlServerCe.SqlCeCommand.ExecuteNonQuery()
   at NHibernate.Tool.hbm2ddl.SchemaUpdate.Execute(Action`1 scriptAction, Boolean doUpdate) in c:\Users\sebros\Documents\My Projects\nhibernate-core\src\NHibernate\Tool\hbm2ddl\SchemaUpdate.cs:line 190
2015-05-13 15:53:26,403 [14] NHibernate.Tool.hbm2ddl.SchemaUpdate - (null) - Unsuccessful: create table ivNetCategory (CategoryID INT IDENTITY NOT NULL, Name NVARCHAR(50) not null, primary key (CategoryID))
System.Data.SqlServerCe.SqlCeException (0x80004005): The specified table already exists. [ ivNetCategory ]
   at System.Data.SqlServerCe.SqlCeCommand.ProcessResults(Int32 hr)
   at System.Data.SqlServerCe.SqlCeCommand.ExecuteCommandText(IntPtr& pCursor, Boolean& isBaseTableCursor)
   at System.Data.SqlServerCe.SqlCeCommand.ExecuteCommand(CommandBehavior behavior, String method, ResultSetOptions options)
   at System.Data.SqlServerCe.SqlCeCommand.ExecuteNonQuery()
   at NHibernate.Tool.hbm2ddl.SchemaUpdate.Execute(Action`1 scriptAction, Boolean doUpdate) in c:\Users\sebros\Documents\My Projects\nhibernate-core\src\NHibernate\Tool\hbm2ddl\SchemaUpdate.cs:line 190
2015-05-13 15:54:04,997 [18] Orchard.Exceptions.DefaultExceptionPolicy - Default - An unexpected exception was caught
System.Web.HttpCompileException (0x80004005): f:\Orchard\www.showdigs.co.uk.v.1.8.1\src\Orchard.Web\Themes\ivNet.ShowDigs\Views\Shared\_EmailForm.cshtml(1): error CS0246: The type or namespace name 'Recaptcha' could not be found (are you missing a using directive or an assembly reference?)
   at System.Web.Compilation.AssemblyBuilder.Compile()
   at System.Web.Compilation.BuildProvidersCompiler.PerformBuild()
   at System.Web.Compilation.BuildManager.CompileWebFile(VirtualPath virtualPath)
   at System.Web.Compilation.BuildManager.GetVPathBuildResultInternal(VirtualPath virtualPath, Boolean noBuild, Boolean allowCrossApp, Boolean allowBuildInPrecompile, Boolean throwIfNotFound, Boolean ensureIsUpToDate)
   at System.Web.Compilation.BuildManager.GetVPathBuildResultWithNoAssert(HttpContext context, VirtualPath virtualPath, Boolean noBuild, Boolean allowCrossApp, Boolean allowBuildInPrecompile, Boolean throwIfNotFound, Boolean ensureIsUpToDate)
   at System.Web.Compilation.BuildManager.GetVirtualPathObjectFactory(VirtualPath virtualPath, HttpContext context, Boolean allowCrossApp, Boolean throwIfNotFound)
   at System.Web.Compilation.BuildManager.GetCompiledType(VirtualPath virtualPath)
   at System.Web.Compilation.BuildManager.GetCompiledType(String virtualPath)
   at System.Web.Mvc.BuildManagerWrapper.System.Web.Mvc.IBuildManager.GetCompiledType(String virtualPath)
   at System.Web.Mvc.BuildManagerCompiledView.Render(ViewContext viewContext, TextWriter writer)
   at System.Web.Mvc.HtmlHelper.RenderPartialInternal(String partialViewName, ViewDataDictionary viewData, Object model, TextWriter writer, ViewEngineCollection viewEngineCollection)
   at System.Web.Mvc.Html.PartialExtensions.Partial(HtmlHelper htmlHelper, String partialViewName, Object model, ViewDataDictionary viewData)
   at System.Web.Mvc.Html.PartialExtensions.Partial(HtmlHelper htmlHelper, String partialViewName)
   at ASP._Page_Themes_ivNet_ShowDigs_Views_Content_url_contact_cshtml.Execute() in f:\Orchard\www.showdigs.co.uk.v.1.8.1\src\Orchard.Web\Themes\ivNet.ShowDigs\Views\Content-url-contact.cshtml:line 1
   at System.Web.WebPages.WebPageBase.ExecutePageHierarchy()
   at System.Web.Mvc.WebViewPage.ExecutePageHierarchy()
   at System.Web.WebPages.WebPageBase.ExecutePageHierarchy(WebPageContext pageContext, TextWriter writer, WebPageRenderingBase startPage)
   at System.Web.Mvc.RazorView.RenderView(ViewContext viewContext, TextWriter writer, Object instance)
   at System.Web.Mvc.BuildManagerCompiledView.Render(ViewContext viewContext, TextWriter writer)
   at System.Web.Mvc.HtmlHelper.RenderPartialInternal(String partialViewName, ViewDataDictionary viewData, Object model, TextWriter writer, ViewEngineCollection viewEngineCollection)
   at System.Web.Mvc.Html.PartialExtensions.Partial(HtmlHelper htmlHelper, String partialViewName, Object model, ViewDataDictionary viewData)
   at System.Web.Mvc.Html.PartialExtensions.Partial(HtmlHelper htmlHelper, String partialViewName, Object model)
   at Orchard.DisplayManagement.Descriptors.ShapeTemplateStrategy.ShapeTemplateBindingStrategy.Render(ShapeDescriptor shapeDescriptor, DisplayContext displayContext, HarvestShapeInfo harvestShapeInfo, HarvestShapeHit harvestShapeHit) in e:\Orchard\www.showdigs.co.uk.v.1.8.1\src\Orchard\DisplayManagement\Descriptors\ShapeTemplateStrategy\ShapeTemplateBindingStrategy.cs:line 151
   at Orchard.DisplayManagement.Descriptors.ShapeTemplateStrategy.ShapeTemplateBindingStrategy.<>c__DisplayClass26.<>c__DisplayClass28.<Discover>b__15(DisplayContext displayContext) in e:\Orchard\www.showdigs.co.uk.v.1.8.1\src\Orchard\DisplayManagement\Descriptors\ShapeTemplateStrategy\ShapeTemplateBindingStrategy.cs:line 133
   at Orchard.DisplayManagement.Descriptors.ShapeAlterationBuilder.<>c__DisplayClass3.<>c__DisplayClass5.<BoundAs>b__2(DisplayContext displayContext) in e:\Orchard\www.showdigs.co.uk.v.1.8.1\src\Orchard\DisplayManagement\Descriptors\ShapeAlterationBuilder.cs:line 56
   at Orchard.DisplayManagement.Implementation.DefaultDisplayManager.Process(ShapeBinding shapeBinding, IShape shape, DisplayContext context) in e:\Orchard\www.showdigs.co.uk.v.1.8.1\src\Orchard\DisplayManagement\Implementation\DefaultDisplayManager.cs:line 185
   at Orchard.DisplayManagement.Implementation.DefaultDisplayManager.Execute(DisplayContext context) in e:\Orchard\www.showdigs.co.uk.v.1.8.1\src\Orchard\DisplayManagement\Implementation\DefaultDisplayManager.cs:line 94
   at Orchard.DisplayManagement.Implementation.DisplayHelper.ShapeExecute(Object shape) in e:\Orchard\www.showdigs.co.uk.v.1.8.1\src\Orchard\DisplayManagement\Implementation\DisplayHelper.cs:line 86
   at Orchard.DisplayManagement.Implementation.DisplayHelper.Invoke(String name, INamedEnumerable`1 parameters) in e:\Orchard\www.showdigs.co.uk.v.1.8.1\src\Orchard\DisplayManagement\Implementation\DisplayHelper.cs:line 44
   at Orchard.DisplayManagement.Implementation.DisplayHelper.TryInvoke(InvokeBinder binder, Object[] args, Object& result) in e:\Orchard\www.showdigs.co.uk.v.1.8.1\src\Orchard\DisplayManagement\Implementation\DisplayHelper.cs:line 29
   at CallSite.Target(Closure , CallSite , Object , Object )
   at ASP._Page_Core_Contents_Views_Item_Display_cshtml.Execute() in f:\Orchard\www.showdigs.co.uk.v.1.8.1\src\Orchard.Web\Core\Contents\Views\Item\Display.cshtml:line 6
   at System.Web.WebPages.WebPageBase.ExecutePageHierarchy()
   at System.Web.Mvc.WebViewPage.ExecutePageHierarchy()
   at System.Web.WebPages.WebPageBase.ExecutePageHierarchy(WebPageContext pageContext, TextWriter writer, WebPageRenderingBase startPage)
   at System.Web.Mvc.RazorView.RenderView(ViewContext viewContext, TextWriter writer, Object instance)
   at System.Web.Mvc.BuildManagerCompiledView.Render(ViewContext viewContext, TextWriter writer)
   at Orchard.Mvc.ViewEngines.ThemeAwareness.LayoutAwareViewEngine.<>c__DisplayClass7.<FindView>b__5(ViewContext viewContext, TextWriter writer, IViewDataContainer viewDataContainer) in e:\Orchard\www.showdigs.co.uk.v.1.8.1\src\Orchard\Mvc\ViewEngines\ThemeAwareness\LayoutAwareViewEngine.cs:line 59
   at Orchard.Mvc.ViewEngines.ThemeAwareness.LayoutAwareViewEngine.LayoutView.Render(ViewContext viewContext, TextWriter writer) in e:\Orchard\www.showdigs.co.uk.v.1.8.1\src\Orchard\Mvc\ViewEngines\ThemeAwareness\LayoutAwareViewEngine.cs:line 90
   at System.Web.Mvc.ViewResultBase.ExecuteResult(ControllerContext context)
   at System.Web.Mvc.ControllerActionInvoker.InvokeActionResult(ControllerContext controllerContext, ActionResult actionResult)
   at System.Web.Mvc.ControllerActionInvoker.InvokeActionResultFilterRecursive(IList`1 filters, Int32 filterIndex, ResultExecutingContext preContext, ControllerContext controllerContext, ActionResult actionResult)
   at System.Web.Mvc.ControllerActionInvoker.InvokeActionResultFilterRecursive(IList`1 filters, Int32 filterIndex, ResultExecutingContext preContext, ControllerContext controllerContext, ActionResult actionResult)
   at System.Web.Mvc.ControllerActionInvoker.InvokeActionResultFilterRecursive(IList`1 filters, Int32 filterIndex, ResultExecutingContext preContext, ControllerContext controllerContext, ActionResult actionResult)
   at System.Web.Mvc.ControllerActionInvoker.InvokeActionResultFilterRecursive(IList`1 filters, Int32 filterIndex, ResultExecutingContext preContext, ControllerContext controllerContext, ActionResult actionResult)
   at System.Web.Mvc.ControllerActionInvoker.InvokeActionResultFilterRecursive(IList`1 filters, Int32 filterIndex, ResultExecutingContext preContext, ControllerContext controllerContext, ActionResult actionResult)
   at System.Web.Mvc.ControllerActionInvoker.InvokeActionResultFilterRecursive(IList`1 filters, Int32 filterIndex, ResultExecutingContext preContext, ControllerContext controllerContext, ActionResult actionResult)
   at System.Web.Mvc.ControllerActionInvoker.InvokeActionResultFilterRecursive(IList`1 filters, Int32 filterIndex, ResultExecutingContext preContext, ControllerContext controllerContext, ActionResult actionResult)
   at System.Web.Mvc.ControllerActionInvoker.InvokeActionResultFilterRecursive(IList`1 filters, Int32 filterIndex, ResultExecutingContext preContext, ControllerContext controllerContext, ActionResult actionResult)
   at System.Web.Mvc.ControllerActionInvoker.InvokeActionResultFilterRecursive(IList`1 filters, Int32 filterIndex, ResultExecutingContext preContext, ControllerContext controllerContext, ActionResult actionResult)
